<?xml version="1.0" encoding="UTF-8"?>
<testng-results ignored="0" total="1" passed="1" failed="0" skipped="0">
  <reporter-output>
  </reporter-output>
  <suite started-at="2024-01-08T09:53:11 IST" name="Default suite" finished-at="2024-01-08T09:53:32 IST" duration-ms="20749">
    <groups>
    </groups>
    <test started-at="2024-01-08T09:53:11 IST" name="Default test" finished-at="2024-01-08T09:53:32 IST" duration-ms="20749">
      <class name="API.APITest">
        <test-method signature="ApiCall()[pri:0, instance:API.APITest@6fdbe764]" started-at="2024-01-08T09:53:11 IST" name="ApiCall" finished-at="2024-01-08T09:53:32 IST" duration-ms="20684" status="PASS">
          <reporter-output>
          </reporter-output>
        </test-method> <!-- ApiCall -->
      </class> <!-- API.APITest -->
    </test> <!-- Default test -->
  </suite> <!-- Default suite -->
</testng-results>
